<?xml version="1.0" encoding="UTF-8"?>
<testsuite name="TestTicTacToe" tests="11" skipped="0" failures="0" errors="0" timestamp="2023-07-21T13:25:02" hostname="Yugeshs-Laptop.local" time="0.035">
  <properties/>
  <testcase name="test_WhenColumnThreeIsAllZeroThen_PlayerZeroWins()" classname="TestTicTacToe" time="0.024"/>
  <testcase name="test_WhenBottomLeftToTopRightDiagonalIsAllZero_ThenPlayerZeroWins()" classname="TestTicTacToe" time="0.001"/>
  <testcase name="test_WhenCurrentPlayerMove_weHaveOneValue()" classname="TestTicTacToe" time="0.0"/>
  <testcase name="test_WhenRowThreeIsAllZeroThen_PlayerZeroWins()" classname="TestTicTacToe" time="0.002"/>
  <testcase name="test_WhenNoThreeConsecutivePlacesAreSame_ThenDraw()" classname="TestTicTacToe" time="0.001"/>
  <testcase name="test_WhenInitCalled_ThenEmptyArray()" classname="TestTicTacToe" time="0.0"/>
  <testcase name="test_WhenColumnOneIsAllZeroThen_PlayerZeroWins()" classname="TestTicTacToe" time="0.001"/>
  <testcase name="test_WhenColumnTwoIsAllZeroThen_PlayerZeroWins()" classname="TestTicTacToe" time="0.001"/>
  <testcase name="test_WhenTopLeftToBottomRightDiagonalIsAllZero_ThenPlayerZeroWins()" classname="TestTicTacToe" time="0.001"/>
  <testcase name="test_WhenRowOneIsAllZeroThen_PlayerZeroWins()" classname="TestTicTacToe" time="0.001"/>
  <testcase name="test_WhenRowTwoIsAllZeroThen_PlayerZeroWins()" classname="TestTicTacToe" time="0.001"/>
  <system-out><![CDATA[0,0 = -1
0,1 = -1
0,2 = 0
1,0 = -1
1,1 = -1
1,2 = -1
2,0 = -1
2,1 = -1
2,2 = -1
0,0 = 1
0,1 = -1
0,2 = 0
1,0 = -1
1,1 = -1
1,2 = -1
2,0 = -1
2,1 = -1
2,2 = -1
0,0 = 1
0,1 = -1
0,2 = 0
1,0 = -1
1,1 = -1
1,2 = 0
2,0 = -1
2,1 = -1
2,2 = -1
0,0 = 1
0,1 = -1
0,2 = 0
1,0 = 1
1,1 = -1
1,2 = 0
2,0 = -1
2,1 = -1
2,2 = -1
0,0 = 1
0,1 = -1
0,2 = 0
1,0 = 1
1,1 = -1
1,2 = 0
2,0 = -1
2,1 = -1
2,2 = 0
0,0 = -1
0,1 = -1
0,2 = 0
1,0 = -1
1,1 = -1
1,2 = -1
2,0 = -1
2,1 = -1
2,2 = -1
0,0 = -1
0,1 = 1
0,2 = 0
1,0 = -1
1,1 = -1
1,2 = -1
2,0 = -1
2,1 = -1
2,2 = -1
0,0 = -1
0,1 = 1
0,2 = 0
1,0 = -1
1,1 = 0
1,2 = -1
2,0 = -1
2,1 = -1
2,2 = -1
0,0 = -1
0,1 = 1
0,2 = 0
1,0 = -1
1,1 = 0
1,2 = 1
2,0 = -1
2,1 = -1
2,2 = -1
0,0 = -1
0,1 = 1
0,2 = 0
1,0 = -1
1,1 = 0
1,2 = 1
2,0 = 0
2,1 = -1
2,2 = -1
0,0 = 0
0,1 = -1
0,2 = -1
1,0 = -1
1,1 = -1
1,2 = -1
2,0 = -1
2,1 = -1
2,2 = -1
0,0 = -1
0,1 = -1
0,2 = -1
1,0 = -1
1,1 = -1
1,2 = -1
2,0 = 0
2,1 = -1
2,2 = -1
0,0 = -1
0,1 = 1
0,2 = -1
1,0 = -1
1,1 = -1
1,2 = -1
2,0 = 0
2,1 = -1
2,2 = -1
0,0 = -1
0,1 = 1
0,2 = -1
1,0 = -1
1,1 = -1
1,2 = -1
2,0 = 0
2,1 = 0
2,2 = -1
0,0 = -1
0,1 = 1
0,2 = 1
1,0 = -1
1,1 = -1
1,2 = -1
2,0 = 0
2,1 = 0
2,2 = -1
0,0 = -1
0,1 = 1
0,2 = 1
1,0 = -1
1,1 = -1
1,2 = -1
2,0 = 0
2,1 = 0
2,2 = 0
0,0 = 0
0,1 = -1
0,2 = -1
1,0 = -1
1,1 = -1
1,2 = -1
2,0 = -1
2,1 = -1
2,2 = -1
0,0 = 0
0,1 = 1
0,2 = -1
1,0 = -1
1,1 = -1
1,2 = -1
2,0 = -1
2,1 = -1
2,2 = -1
0,0 = 0
0,1 = 1
0,2 = 0
1,0 = -1
1,1 = -1
1,2 = -1
2,0 = -1
2,1 = -1
2,2 = -1
0,0 = 0
0,1 = -1
0,2 = -1
1,0 = -1
1,1 = -1
1,2 = -1
2,0 = -1
2,1 = -1
2,2 = -1
0,0 = 0
0,1 = 1
0,2 = -1
1,0 = -1
1,1 = -1
1,2 = -1
2,0 = -1
2,1 = -1
2,2 = -1
0,0 = 0
0,1 = 1
0,2 = -1
1,0 = 0
1,1 = -1
1,2 = -1
2,0 = -1
2,1 = -1
2,2 = -1
0,0 = 0
0,1 = 1
0,2 = -1
1,0 = 0
1,1 = -1
1,2 = 1
2,0 = -1
2,1 = -1
2,2 = -1
0,0 = 0
0,1 = 1
0,2 = -1
1,0 = 0
1,1 = -1
1,2 = 1
2,0 = 0
2,1 = -1
2,2 = -1
0,0 = -1
0,1 = 0
0,2 = -1
1,0 = -1
1,1 = -1
1,2 = -1
2,0 = -1
2,1 = -1
2,2 = -1
0,0 = 1
0,1 = 0
0,2 = -1
1,0 = -1
1,1 = -1
1,2 = -1
2,0 = -1
2,1 = -1
2,2 = -1
0,0 = 1
0,1 = 0
0,2 = -1
1,0 = -1
1,1 = 0
1,2 = -1
2,0 = -1
2,1 = -1
2,2 = -1
0,0 = 1
0,1 = 0
0,2 = -1
1,0 = -1
1,1 = 0
1,2 = 1
2,0 = -1
2,1 = -1
2,2 = -1
0,0 = 1
0,1 = 0
0,2 = -1
1,0 = -1
1,1 = 0
1,2 = 1
2,0 = -1
2,1 = 0
2,2 = -1
0,0 = 0
0,1 = -1
0,2 = -1
1,0 = -1
1,1 = -1
1,2 = -1
2,0 = -1
2,1 = -1
2,2 = -1
0,0 = 0
0,1 = 1
0,2 = -1
1,0 = -1
1,1 = -1
1,2 = -1
2,0 = -1
2,1 = -1
2,2 = -1
0,0 = 0
0,1 = 1
0,2 = -1
1,0 = -1
1,1 = 0
1,2 = -1
2,0 = -1
2,1 = -1
2,2 = -1
0,0 = 0
0,1 = 1
0,2 = -1
1,0 = -1
1,1 = 0
1,2 = 1
2,0 = -1
2,1 = -1
2,2 = -1
0,0 = 0
0,1 = 1
0,2 = -1
1,0 = -1
1,1 = 0
1,2 = 1
2,0 = -1
2,1 = -1
2,2 = 0
0,0 = 0
0,1 = -1
0,2 = -1
1,0 = -1
1,1 = -1
1,2 = -1
2,0 = -1
2,1 = -1
2,2 = -1
0,0 = 0
0,1 = -1
0,2 = -1
1,0 = -1
1,1 = 1
1,2 = -1
2,0 = -1
2,1 = -1
2,2 = -1
0,0 = 0
0,1 = 0
0,2 = -1
1,0 = -1
1,1 = 1
1,2 = -1
2,0 = -1
2,1 = -1
2,2 = -1
0,0 = 0
0,1 = 0
0,2 = -1
1,0 = -1
1,1 = 1
1,2 = 1
2,0 = -1
2,1 = -1
2,2 = -1
0,0 = 0
0,1 = 0
0,2 = 0
0,0 = -1
0,1 = -1
0,2 = -1
1,0 = 0
1,1 = -1
1,2 = -1
2,0 = -1
2,1 = -1
2,2 = -1
0,0 = -1
0,1 = 1
0,2 = -1
1,0 = 0
1,1 = -1
1,2 = -1
2,0 = -1
2,1 = -1
2,2 = -1
0,0 = -1
0,1 = 1
0,2 = -1
1,0 = 0
1,1 = 0
1,2 = -1
2,0 = -1
2,1 = -1
2,2 = -1
0,0 = -1
0,1 = 1
0,2 = 1
1,0 = 0
1,1 = 0
1,2 = -1
2,0 = -1
2,1 = -1
2,2 = -1
0,0 = -1
0,1 = 1
0,2 = 1
1,0 = 0
1,1 = 0
1,2 = 0
]]></system-out>
  <system-err><![CDATA[]]></system-err>
</testsuite>
